------------------------------------------------------------------------------------------------------------------------

[2023-10-15 13:48:42 #1 store] 
Database 'C:\Users\Xabi\Desktop\XABI\workspace\Bets23\src\main\resources\bets.temp' is opened by 12396@LAPTOP-DPN0HGMT

[2023-10-15 13:48:42 #2 type] 
Type domain.UserAbstract is not enhanced.

[2023-10-15 13:48:42 #3 type] 
Type domain.UserAdmin is not enhanced.

[2023-10-15 13:48:42 #4 type] 
Type domain.User is not enhanced.

[2023-10-15 13:48:42 #5 type] 
Type domain.Statistics is not enhanced.

[2023-10-15 13:48:42 #6 type] 
Type domain.Bet is not enhanced.

[2023-10-15 13:48:42 #7 type] 
Type domain.Movement is not enhanced.

[2023-10-15 13:48:42 #8 type] 
Type domain.Quote is not enhanced.

[2023-10-15 13:48:42 #9 type] 
Type domain.Question is not enhanced.

[2023-10-15 13:48:42 #10 type] 
Type domain.Event is not enhanced.

------------------------------------------------------------------------------------------------------------------------

[2023-10-15 13:52:18 #1 store] 
Database 'C:\Users\Xabi\Desktop\XABI\workspace\Bets23\src\main\resources\bets.temp' is opened by 12364@LAPTOP-DPN0HGMT

[2023-10-15 13:52:18 #2 type] 
Type domain.UserAbstract is not enhanced.

[2023-10-15 13:52:18 #3 type] 
Type domain.UserAdmin is not enhanced.

[2023-10-15 13:52:18 #4 type] 
Type domain.User is not enhanced.

[2023-10-15 13:52:18 #5 type] 
Type domain.Statistics is not enhanced.

[2023-10-15 13:52:18 #6 type] 
Type domain.Bet is not enhanced.

[2023-10-15 13:52:18 #7 type] 
Type domain.Movement is not enhanced.

[2023-10-15 13:52:18 #8 type] 
Type domain.Quote is not enhanced.

[2023-10-15 13:52:18 #9 type] 
Type domain.Question is not enhanced.

[2023-10-15 13:52:18 #10 type] 
Type domain.Event is not enhanced.

------------------------------------------------------------------------------------------------------------------------

[2023-10-15 13:55:45 #1 store] 
Database 'C:\Users\Xabi\Desktop\XABI\workspace\Bets23\src\main\resources\bets.temp' is opened by 13600@LAPTOP-DPN0HGMT

[2023-10-15 13:55:45 #2 type] 
Type domain.UserAbstract is not enhanced.

[2023-10-15 13:55:45 #3 type] 
Type domain.UserAdmin is not enhanced.

[2023-10-15 13:55:45 #4 type] 
Type domain.User is not enhanced.

[2023-10-15 13:55:45 #5 type] 
Type domain.Statistics is not enhanced.

[2023-10-15 13:55:45 #6 type] 
Type domain.Bet is not enhanced.

[2023-10-15 13:55:45 #7 type] 
Type domain.Movement is not enhanced.

[2023-10-15 13:55:45 #8 type] 
Type domain.Quote is not enhanced.

[2023-10-15 13:55:45 #9 type] 
Type domain.Question is not enhanced.

[2023-10-15 13:55:45 #10 type] 
Type domain.Event is not enhanced.

------------------------------------------------------------------------------------------------------------------------

[2023-10-15 13:56:23 #1 store] 
Database 'C:\Users\Xabi\Desktop\XABI\workspace\Bets23\src\main\resources\bets.temp' is opened by 9884@LAPTOP-DPN0HGMT

[2023-10-15 13:56:23 #2 type] 
Type domain.UserAbstract is not enhanced.

[2023-10-15 13:56:23 #3 type] 
Type domain.UserAdmin is not enhanced.

[2023-10-15 13:56:23 #4 type] 
Type domain.User is not enhanced.

[2023-10-15 13:56:23 #5 type] 
Type domain.Statistics is not enhanced.

[2023-10-15 13:56:23 #6 type] 
Type domain.Bet is not enhanced.

[2023-10-15 13:56:23 #7 type] 
Type domain.Movement is not enhanced.

[2023-10-15 13:56:23 #8 type] 
Type domain.Quote is not enhanced.

[2023-10-15 13:56:23 #9 type] 
Type domain.Question is not enhanced.

[2023-10-15 13:56:23 #10 type] 
Type domain.Event is not enhanced.

------------------------------------------------------------------------------------------------------------------------

[2023-10-15 13:57:16 #1 store] 
Database 'C:\Users\Xabi\Desktop\XABI\workspace\Bets23\src\main\resources\bets.temp' is opened by 25932@LAPTOP-DPN0HGMT

[2023-10-15 13:57:16 #2 type] 
Type domain.UserAbstract is not enhanced.

[2023-10-15 13:57:16 #3 type] 
Type domain.UserAdmin is not enhanced.

[2023-10-15 13:57:16 #4 type] 
Type domain.User is not enhanced.

[2023-10-15 13:57:16 #5 type] 
Type domain.Statistics is not enhanced.

[2023-10-15 13:57:16 #6 type] 
Type domain.Bet is not enhanced.

[2023-10-15 13:57:16 #7 type] 
Type domain.Movement is not enhanced.

[2023-10-15 13:57:16 #8 type] 
Type domain.Quote is not enhanced.

[2023-10-15 13:57:16 #9 type] 
Type domain.Question is not enhanced.

[2023-10-15 13:57:16 #10 type] 
Type domain.Event is not enhanced.

------------------------------------------------------------------------------------------------------------------------

[2023-10-15 13:57:46 #1 store] 
Database 'C:\Users\Xabi\Desktop\XABI\workspace\Bets23\src\main\resources\bets.temp' is opened by 15280@LAPTOP-DPN0HGMT

[2023-10-15 13:57:46 #2 type] 
Type domain.UserAbstract is not enhanced.

[2023-10-15 13:57:46 #3 type] 
Type domain.UserAdmin is not enhanced.

[2023-10-15 13:57:46 #4 type] 
Type domain.User is not enhanced.

[2023-10-15 13:57:46 #5 type] 
Type domain.Statistics is not enhanced.

[2023-10-15 13:57:46 #6 type] 
Type domain.Bet is not enhanced.

[2023-10-15 13:57:46 #7 type] 
Type domain.Movement is not enhanced.

[2023-10-15 13:57:46 #8 type] 
Type domain.Quote is not enhanced.

[2023-10-15 13:57:46 #9 type] 
Type domain.Question is not enhanced.

[2023-10-15 13:57:46 #10 type] 
Type domain.Event is not enhanced.

------------------------------------------------------------------------------------------------------------------------

[2023-10-15 14:04:52 #1 store] 
Database 'C:\Users\Xabi\Desktop\XABI\workspace\Bets23\src\main\resources\bets.temp' is opened by 24996@LAPTOP-DPN0HGMT

[2023-10-15 14:04:52 #2 type] 
Type domain.UserAbstract is not enhanced.

[2023-10-15 14:04:52 #3 type] 
Type domain.UserAdmin is not enhanced.

[2023-10-15 14:04:52 #4 type] 
Type domain.User is not enhanced.

[2023-10-15 14:04:52 #5 type] 
Type domain.Statistics is not enhanced.

[2023-10-15 14:04:52 #6 type] 
Type domain.Bet is not enhanced.

[2023-10-15 14:04:52 #7 type] 
Type domain.Movement is not enhanced.

[2023-10-15 14:04:52 #8 type] 
Type domain.Quote is not enhanced.

[2023-10-15 14:04:52 #9 type] 
Type domain.Question is not enhanced.

[2023-10-15 14:04:52 #10 type] 
Type domain.Event is not enhanced.

------------------------------------------------------------------------------------------------------------------------

[2023-10-15 14:05:27 #1 store] 
Database 'C:\Users\Xabi\Desktop\XABI\workspace\Bets23\src\main\resources\bets.temp' is opened by 25196@LAPTOP-DPN0HGMT

[2023-10-15 14:05:27 #2 type] 
Type domain.UserAbstract is not enhanced.

[2023-10-15 14:05:27 #3 type] 
Type domain.UserAdmin is not enhanced.

[2023-10-15 14:05:27 #4 type] 
Type domain.User is not enhanced.

[2023-10-15 14:05:27 #5 type] 
Type domain.Statistics is not enhanced.

[2023-10-15 14:05:27 #6 type] 
Type domain.Bet is not enhanced.

[2023-10-15 14:05:27 #7 type] 
Type domain.Movement is not enhanced.

[2023-10-15 14:05:27 #8 type] 
Type domain.Quote is not enhanced.

[2023-10-15 14:05:27 #9 type] 
Type domain.Question is not enhanced.

[2023-10-15 14:05:27 #10 type] 
Type domain.Event is not enhanced.

------------------------------------------------------------------------------------------------------------------------

[2023-10-15 14:09:46 #1 store] 
Database 'C:\Users\Xabi\Desktop\XABI\workspace\Bets23\src\main\resources\bets.temp' is opened by 26016@LAPTOP-DPN0HGMT

[2023-10-15 14:09:46 #2 type] 
Type domain.UserAbstract is not enhanced.

[2023-10-15 14:09:46 #3 type] 
Type domain.UserAdmin is not enhanced.

[2023-10-15 14:09:46 #4 type] 
Type domain.User is not enhanced.

[2023-10-15 14:09:46 #5 type] 
Type domain.Statistics is not enhanced.

[2023-10-15 14:09:46 #6 type] 
Type domain.Bet is not enhanced.

[2023-10-15 14:09:46 #7 type] 
Type domain.Movement is not enhanced.

[2023-10-15 14:09:46 #8 type] 
Type domain.Quote is not enhanced.

[2023-10-15 14:09:46 #9 type] 
Type domain.Question is not enhanced.

[2023-10-15 14:09:46 #10 type] 
Type domain.Event is not enhanced.

------------------------------------------------------------------------------------------------------------------------

[2023-10-15 14:44:38 #1 store] 
Database 'C:\Users\Xabi\Desktop\XABI\workspace\Bets23\src\main\resources\bets.temp' is opened by 18280@LAPTOP-DPN0HGMT

[2023-10-15 14:44:38 #2 type] 
Type domain.UserAbstract is not enhanced.

[2023-10-15 14:44:38 #3 type] 
Type domain.UserAdmin is not enhanced.

[2023-10-15 14:44:38 #4 type] 
Type domain.User is not enhanced.

[2023-10-15 14:44:38 #5 type] 
Type domain.Statistics is not enhanced.

[2023-10-15 14:44:38 #6 type] 
Type domain.Bet is not enhanced.

[2023-10-15 14:44:38 #7 type] 
Type domain.Movement is not enhanced.

[2023-10-15 14:44:38 #8 type] 
Type domain.Quote is not enhanced.

[2023-10-15 14:44:38 #9 type] 
Type domain.Question is not enhanced.

[2023-10-15 14:44:38 #10 type] 
Type domain.Event is not enhanced.

------------------------------------------------------------------------------------------------------------------------

[2023-10-15 14:46:08 #1 store] 
Database 'C:\Users\Xabi\Desktop\XABI\workspace\Bets23\src\main\resources\bets.temp' is opened by 4712@LAPTOP-DPN0HGMT

[2023-10-15 14:46:08 #2 type] 
Type domain.UserAbstract is not enhanced.

[2023-10-15 14:46:08 #3 type] 
Type domain.UserAdmin is not enhanced.

[2023-10-15 14:46:08 #4 type] 
Type domain.User is not enhanced.

[2023-10-15 14:46:08 #5 type] 
Type domain.Statistics is not enhanced.

[2023-10-15 14:46:08 #6 type] 
Type domain.Bet is not enhanced.

[2023-10-15 14:46:08 #7 type] 
Type domain.Movement is not enhanced.

[2023-10-15 14:46:08 #8 type] 
Type domain.Quote is not enhanced.

[2023-10-15 14:46:08 #9 type] 
Type domain.Question is not enhanced.

[2023-10-15 14:46:08 #10 type] 
Type domain.Event is not enhanced.

------------------------------------------------------------------------------------------------------------------------

[2023-10-15 14:48:36 #1 store] 
Database 'C:\Users\Xabi\Desktop\XABI\workspace\Bets23\src\main\resources\bets.temp' is opened by 20056@LAPTOP-DPN0HGMT

[2023-10-15 14:48:36 #2 type] 
Type domain.UserAbstract is not enhanced.

[2023-10-15 14:48:36 #3 type] 
Type domain.UserAdmin is not enhanced.

[2023-10-15 14:48:36 #4 type] 
Type domain.User is not enhanced.

[2023-10-15 14:48:36 #5 type] 
Type domain.Statistics is not enhanced.

[2023-10-15 14:48:36 #6 type] 
Type domain.Bet is not enhanced.

[2023-10-15 14:48:36 #7 type] 
Type domain.Movement is not enhanced.

[2023-10-15 14:48:36 #8 type] 
Type domain.Quote is not enhanced.

[2023-10-15 14:48:36 #9 type] 
Type domain.Question is not enhanced.

[2023-10-15 14:48:36 #10 type] 
Type domain.Event is not enhanced.

------------------------------------------------------------------------------------------------------------------------

[2023-10-15 14:49:32 #1 store] 
Database 'C:\Users\Xabi\Desktop\XABI\workspace\Bets23\src\main\resources\bets.temp' is opened by 17928@LAPTOP-DPN0HGMT

[2023-10-15 14:49:32 #2 type] 
Type domain.UserAbstract is not enhanced.

[2023-10-15 14:49:32 #3 type] 
Type domain.UserAdmin is not enhanced.

[2023-10-15 14:49:32 #4 type] 
Type domain.User is not enhanced.

[2023-10-15 14:49:32 #5 type] 
Type domain.Statistics is not enhanced.

[2023-10-15 14:49:32 #6 type] 
Type domain.Bet is not enhanced.

[2023-10-15 14:49:32 #7 type] 
Type domain.Movement is not enhanced.

[2023-10-15 14:49:32 #8 type] 
Type domain.Quote is not enhanced.

[2023-10-15 14:49:32 #9 type] 
Type domain.Question is not enhanced.

[2023-10-15 14:49:32 #10 type] 
Type domain.Event is not enhanced.

------------------------------------------------------------------------------------------------------------------------

[2023-10-15 14:59:33 #1 store] 
Database 'C:\Users\Xabi\Desktop\XABI\workspace\Bets23\src\main\resources\bets.temp' is opened by 7440@LAPTOP-DPN0HGMT

[2023-10-15 14:59:33 #2 type] 
Type domain.UserAbstract is not enhanced.

[2023-10-15 14:59:33 #3 type] 
Type domain.UserAdmin is not enhanced.

[2023-10-15 14:59:33 #4 type] 
Type domain.User is not enhanced.

[2023-10-15 14:59:33 #5 type] 
Type domain.Statistics is not enhanced.

[2023-10-15 14:59:33 #6 type] 
Type domain.Bet is not enhanced.

[2023-10-15 14:59:33 #7 type] 
Type domain.Movement is not enhanced.

[2023-10-15 14:59:33 #8 type] 
Type domain.Quote is not enhanced.

[2023-10-15 14:59:33 #9 type] 
Type domain.Question is not enhanced.

[2023-10-15 14:59:33 #10 type] 
Type domain.Event is not enhanced.

------------------------------------------------------------------------------------------------------------------------

[2023-10-15 15:03:54 #1 store] 
Database 'C:\Users\Xabi\Desktop\XABI\workspace\Bets23\src\main\resources\bets.temp' is opened by 26268@LAPTOP-DPN0HGMT

[2023-10-15 15:03:54 #2 type] 
Type domain.UserAbstract is not enhanced.

[2023-10-15 15:03:54 #3 type] 
Type domain.UserAdmin is not enhanced.

[2023-10-15 15:03:54 #4 type] 
Type domain.User is not enhanced.

[2023-10-15 15:03:54 #5 type] 
Type domain.Statistics is not enhanced.

[2023-10-15 15:03:54 #6 type] 
Type domain.Bet is not enhanced.

[2023-10-15 15:03:54 #7 type] 
Type domain.Movement is not enhanced.

[2023-10-15 15:03:54 #8 type] 
Type domain.Quote is not enhanced.

[2023-10-15 15:03:54 #9 type] 
Type domain.Question is not enhanced.

[2023-10-15 15:03:54 #10 type] 
Type domain.Event is not enhanced.

------------------------------------------------------------------------------------------------------------------------

[2023-10-15 15:07:51 #1 store] 
Database 'C:\Users\Xabi\Desktop\XABI\workspace\Bets23\src\main\resources\bets.temp' is opened by 10196@LAPTOP-DPN0HGMT

[2023-10-15 15:07:51 #2 type] 
Type domain.UserAbstract is not enhanced.

[2023-10-15 15:07:51 #3 type] 
Type domain.UserAdmin is not enhanced.

[2023-10-15 15:07:51 #4 type] 
Type domain.User is not enhanced.

[2023-10-15 15:07:51 #5 type] 
Type domain.Statistics is not enhanced.

[2023-10-15 15:07:51 #6 type] 
Type domain.Bet is not enhanced.

[2023-10-15 15:07:51 #7 type] 
Type domain.Movement is not enhanced.

[2023-10-15 15:07:51 #8 type] 
Type domain.Quote is not enhanced.

[2023-10-15 15:07:51 #9 type] 
Type domain.Question is not enhanced.

[2023-10-15 15:07:51 #10 type] 
Type domain.Event is not enhanced.

------------------------------------------------------------------------------------------------------------------------

[2023-10-15 15:08:24 #1 store] 
Database 'C:\Users\Xabi\Desktop\XABI\workspace\Bets23\src\main\resources\bets.temp' has been recovered (tr. 32-32)

[2023-10-15 15:08:24 #2 store] 
Database 'C:\Users\Xabi\Desktop\XABI\workspace\Bets23\src\main\resources\bets.temp' is opened by 11452@LAPTOP-DPN0HGMT

[2023-10-15 15:08:25 #3 type] 
Type domain.UserAbstract is not enhanced.

[2023-10-15 15:08:25 #4 type] 
Type domain.UserAdmin is not enhanced.

[2023-10-15 15:08:25 #5 type] 
Type domain.User is not enhanced.

[2023-10-15 15:08:25 #6 type] 
Type domain.Statistics is not enhanced.

[2023-10-15 15:08:25 #7 type] 
Type domain.Bet is not enhanced.

[2023-10-15 15:08:25 #8 type] 
Type domain.Movement is not enhanced.

[2023-10-15 15:08:25 #9 type] 
Type domain.Quote is not enhanced.

[2023-10-15 15:08:25 #10 type] 
Type domain.Question is not enhanced.

[2023-10-15 15:08:25 #11 type] 
Type domain.Event is not enhanced.

------------------------------------------------------------------------------------------------------------------------

[2023-10-15 15:08:54 #1 store] 
Database 'C:\Users\Xabi\Desktop\XABI\workspace\Bets23\src\main\resources\bets.temp' is opened by 25960@LAPTOP-DPN0HGMT

[2023-10-15 15:08:54 #2 type] 
Type domain.UserAbstract is not enhanced.

[2023-10-15 15:08:54 #3 type] 
Type domain.UserAdmin is not enhanced.

[2023-10-15 15:08:54 #4 type] 
Type domain.User is not enhanced.

[2023-10-15 15:08:54 #5 type] 
Type domain.Statistics is not enhanced.

[2023-10-15 15:08:54 #6 type] 
Type domain.Bet is not enhanced.

[2023-10-15 15:08:54 #7 type] 
Type domain.Movement is not enhanced.

[2023-10-15 15:08:54 #8 type] 
Type domain.Quote is not enhanced.

[2023-10-15 15:08:54 #9 type] 
Type domain.Question is not enhanced.

[2023-10-15 15:08:54 #10 type] 
Type domain.Event is not enhanced.

------------------------------------------------------------------------------------------------------------------------

[2023-10-15 15:09:26 #1 store] 
Database 'C:\Users\Xabi\Desktop\XABI\workspace\Bets23\src\main\resources\bets.temp' has been recovered (tr. 33-34)

[2023-10-15 15:09:26 #2 store] 
Database 'C:\Users\Xabi\Desktop\XABI\workspace\Bets23\src\main\resources\bets.temp' is opened by 23408@LAPTOP-DPN0HGMT

[2023-10-15 15:09:26 #3 type] 
Type domain.UserAbstract is not enhanced.

[2023-10-15 15:09:26 #4 type] 
Type domain.UserAdmin is not enhanced.

[2023-10-15 15:09:26 #5 type] 
Type domain.User is not enhanced.

[2023-10-15 15:09:26 #6 type] 
Type domain.Statistics is not enhanced.

[2023-10-15 15:09:26 #7 type] 
Type domain.Bet is not enhanced.

[2023-10-15 15:09:26 #8 type] 
Type domain.Movement is not enhanced.

[2023-10-15 15:09:26 #9 type] 
Type domain.Quote is not enhanced.

[2023-10-15 15:09:26 #10 type] 
Type domain.Question is not enhanced.

[2023-10-15 15:09:26 #11 type] 
Type domain.Event is not enhanced.

------------------------------------------------------------------------------------------------------------------------

[2023-10-15 15:10:00 #1 store] 
Database 'C:\Users\Xabi\Desktop\XABI\workspace\Bets23\src\main\resources\bets.temp' has been recovered (tr. 35-38)

[2023-10-15 15:10:00 #2 store] 
Database 'C:\Users\Xabi\Desktop\XABI\workspace\Bets23\src\main\resources\bets.temp' is opened by 23684@LAPTOP-DPN0HGMT

[2023-10-15 15:10:00 #3 type] 
Type domain.UserAbstract is not enhanced.

[2023-10-15 15:10:00 #4 type] 
Type domain.UserAdmin is not enhanced.

[2023-10-15 15:10:00 #5 type] 
Type domain.User is not enhanced.

[2023-10-15 15:10:00 #6 type] 
Type domain.Statistics is not enhanced.

[2023-10-15 15:10:00 #7 type] 
Type domain.Bet is not enhanced.

[2023-10-15 15:10:00 #8 type] 
Type domain.Movement is not enhanced.

[2023-10-15 15:10:00 #9 type] 
Type domain.Quote is not enhanced.

[2023-10-15 15:10:00 #10 type] 
Type domain.Question is not enhanced.

[2023-10-15 15:10:00 #11 type] 
Type domain.Event is not enhanced.

------------------------------------------------------------------------------------------------------------------------

[2023-10-15 15:10:23 #1 store] 
Database 'C:\Users\Xabi\Desktop\XABI\workspace\Bets23\src\main\resources\bets.temp' has been recovered (tr. 39-42)

[2023-10-15 15:10:23 #2 store] 
Database 'C:\Users\Xabi\Desktop\XABI\workspace\Bets23\src\main\resources\bets.temp' is opened by 16660@LAPTOP-DPN0HGMT

[2023-10-15 15:10:23 #3 type] 
Type domain.UserAbstract is not enhanced.

[2023-10-15 15:10:23 #4 type] 
Type domain.UserAdmin is not enhanced.

[2023-10-15 15:10:23 #5 type] 
Type domain.User is not enhanced.

[2023-10-15 15:10:23 #6 type] 
Type domain.Statistics is not enhanced.

[2023-10-15 15:10:23 #7 type] 
Type domain.Bet is not enhanced.

[2023-10-15 15:10:23 #8 type] 
Type domain.Movement is not enhanced.

[2023-10-15 15:10:23 #9 type] 
Type domain.Quote is not enhanced.

[2023-10-15 15:10:23 #10 type] 
Type domain.Question is not enhanced.

[2023-10-15 15:10:23 #11 type] 
Type domain.Event is not enhanced.

------------------------------------------------------------------------------------------------------------------------

[2023-10-15 15:15:37 #1 store] 
Database 'C:\Users\Xabi\Desktop\XABI\workspace\Bets23\src\main\resources\bets.temp' is opened by 23720@LAPTOP-DPN0HGMT

[2023-10-15 15:15:37 #2 type] 
Type domain.UserAbstract is not enhanced.

[2023-10-15 15:15:37 #3 type] 
Type domain.UserAdmin is not enhanced.

[2023-10-15 15:15:37 #4 type] 
Type domain.User is not enhanced.

[2023-10-15 15:15:37 #5 type] 
Type domain.Statistics is not enhanced.

[2023-10-15 15:15:37 #6 type] 
Type domain.Bet is not enhanced.

[2023-10-15 15:15:37 #7 type] 
Type domain.Movement is not enhanced.

[2023-10-15 15:15:37 #8 type] 
Type domain.Quote is not enhanced.

[2023-10-15 15:15:37 #9 type] 
Type domain.Question is not enhanced.

[2023-10-15 15:15:37 #10 type] 
Type domain.Event is not enhanced.

------------------------------------------------------------------------------------------------------------------------

[2023-10-15 15:18:10 #1 store] 
Database 'C:\Users\Xabi\Desktop\XABI\workspace\Bets23\src\main\resources\bets.temp' is opened by 21988@LAPTOP-DPN0HGMT

[2023-10-15 15:18:10 #2 type] 
Type domain.UserAbstract is not enhanced.

[2023-10-15 15:18:10 #3 type] 
Type domain.UserAdmin is not enhanced.

[2023-10-15 15:18:10 #4 type] 
Type domain.User is not enhanced.

[2023-10-15 15:18:10 #5 type] 
Type domain.Statistics is not enhanced.

[2023-10-15 15:18:10 #6 type] 
Type domain.Bet is not enhanced.

[2023-10-15 15:18:10 #7 type] 
Type domain.Movement is not enhanced.

[2023-10-15 15:18:10 #8 type] 
Type domain.Quote is not enhanced.

[2023-10-15 15:18:10 #9 type] 
Type domain.Question is not enhanced.

[2023-10-15 15:18:10 #10 type] 
Type domain.Event is not enhanced.

------------------------------------------------------------------------------------------------------------------------

[2023-10-15 15:18:43 #1 store] 
Database 'C:\Users\Xabi\Desktop\XABI\workspace\Bets23\src\main\resources\bets.temp' has been recovered (tr. 66-69)

[2023-10-15 15:18:43 #2 store] 
Database 'C:\Users\Xabi\Desktop\XABI\workspace\Bets23\src\main\resources\bets.temp' is opened by 11588@LAPTOP-DPN0HGMT

[2023-10-15 15:18:43 #3 type] 
Type domain.UserAbstract is not enhanced.

[2023-10-15 15:18:43 #4 type] 
Type domain.UserAdmin is not enhanced.

[2023-10-15 15:18:43 #5 type] 
Type domain.User is not enhanced.

[2023-10-15 15:18:43 #6 type] 
Type domain.Statistics is not enhanced.

[2023-10-15 15:18:43 #7 type] 
Type domain.Bet is not enhanced.

[2023-10-15 15:18:43 #8 type] 
Type domain.Movement is not enhanced.

[2023-10-15 15:18:43 #9 type] 
Type domain.Quote is not enhanced.

[2023-10-15 15:18:43 #10 type] 
Type domain.Question is not enhanced.

[2023-10-15 15:18:43 #11 type] 
Type domain.Event is not enhanced.

------------------------------------------------------------------------------------------------------------------------

[2023-10-15 15:19:10 #1 store] 
Database 'C:\Users\Xabi\Desktop\XABI\workspace\Bets23\src\main\resources\bets.temp' has been recovered (tr. 70-71)

[2023-10-15 15:19:10 #2 store] 
Database 'C:\Users\Xabi\Desktop\XABI\workspace\Bets23\src\main\resources\bets.temp' is opened by 18952@LAPTOP-DPN0HGMT

[2023-10-15 15:19:10 #3 type] 
Type domain.UserAbstract is not enhanced.

[2023-10-15 15:19:10 #4 type] 
Type domain.UserAdmin is not enhanced.

[2023-10-15 15:19:10 #5 type] 
Type domain.User is not enhanced.

[2023-10-15 15:19:10 #6 type] 
Type domain.Statistics is not enhanced.

[2023-10-15 15:19:10 #7 type] 
Type domain.Bet is not enhanced.

[2023-10-15 15:19:10 #8 type] 
Type domain.Movement is not enhanced.

[2023-10-15 15:19:10 #9 type] 
Type domain.Quote is not enhanced.

[2023-10-15 15:19:10 #10 type] 
Type domain.Question is not enhanced.

[2023-10-15 15:19:10 #11 type] 
Type domain.Event is not enhanced.

------------------------------------------------------------------------------------------------------------------------

[2023-10-15 15:20:07 #1 store] 
Database 'C:\Users\Xabi\Desktop\XABI\workspace\Bets23\src\main\resources\bets.temp' has been recovered (tr. 72-73)

[2023-10-15 15:20:07 #2 store] 
Database 'C:\Users\Xabi\Desktop\XABI\workspace\Bets23\src\main\resources\bets.temp' is opened by 24084@LAPTOP-DPN0HGMT

[2023-10-15 15:20:08 #3 type] 
Type domain.UserAbstract is not enhanced.

[2023-10-15 15:20:08 #4 type] 
Type domain.UserAdmin is not enhanced.

[2023-10-15 15:20:08 #5 type] 
Type domain.User is not enhanced.

[2023-10-15 15:20:08 #6 type] 
Type domain.Statistics is not enhanced.

[2023-10-15 15:20:08 #7 type] 
Type domain.Bet is not enhanced.

[2023-10-15 15:20:08 #8 type] 
Type domain.Movement is not enhanced.

[2023-10-15 15:20:08 #9 type] 
Type domain.Quote is not enhanced.

[2023-10-15 15:20:08 #10 type] 
Type domain.Question is not enhanced.

[2023-10-15 15:20:08 #11 type] 
Type domain.Event is not enhanced.

------------------------------------------------------------------------------------------------------------------------

[2023-10-15 15:22:06 #1 store] 
Database 'C:\Users\Xabi\Desktop\XABI\workspace\Bets23\src\main\resources\bets.temp' has been recovered (tr. 74-75)

[2023-10-15 15:22:06 #2 store] 
Database 'C:\Users\Xabi\Desktop\XABI\workspace\Bets23\src\main\resources\bets.temp' is opened by 10376@LAPTOP-DPN0HGMT

[2023-10-15 15:22:06 #3 type] 
Type domain.UserAbstract is not enhanced.

[2023-10-15 15:22:06 #4 type] 
Type domain.UserAdmin is not enhanced.

[2023-10-15 15:22:06 #5 type] 
Type domain.User is not enhanced.

[2023-10-15 15:22:06 #6 type] 
Type domain.Statistics is not enhanced.

[2023-10-15 15:22:06 #7 type] 
Type domain.Bet is not enhanced.

[2023-10-15 15:22:06 #8 type] 
Type domain.Movement is not enhanced.

[2023-10-15 15:22:06 #9 type] 
Type domain.Quote is not enhanced.

[2023-10-15 15:22:06 #10 type] 
Type domain.Question is not enhanced.

[2023-10-15 15:22:06 #11 type] 
Type domain.Event is not enhanced.

