------------------------------------------------------------------------------------------------------------------------

[2023-09-26 17:27:17 #1 store] 
Database 'C:\Users\Xabi\Downloads\Bets21\src\main\resources\bets.temp' is opened by 7796@LAPTOP-DPN0HGMT

[2023-09-26 17:27:17 #2 type.registry] 
New type domain.UserAbstract

[2023-09-26 17:27:17 #3 type.registry] 
New type domain.UserAdmin

[2023-09-26 17:27:17 #4 type] 
Type domain.UserAbstract is not enhanced.

[2023-09-26 17:27:17 #5 type.registry] 
New type domain.Chat

[2023-09-26 17:27:17 #6 type.registry] 
New type java.util.Vector<domain.Chat>

[2023-09-26 17:27:17 #7 type] 
Type domain.UserAdmin is not enhanced.

[2023-09-26 17:27:17 #8 type] 
Type domain.Chat is not enhanced.

[2023-09-26 17:27:17 #9 type.registry] 
New type domain.User

[2023-09-26 17:27:17 #10 type.registry] 
New type domain.Message

[2023-09-26 17:27:17 #11 type.registry] 
New type java.util.Vector<domain.Message>

[2023-09-26 17:27:17 #12 type] 
Type domain.User is not enhanced.

[2023-09-26 17:27:17 #13 type.registry] 
New type domain.Statistics

[2023-09-26 17:27:17 #14 type.registry] 
New type java.util.Vector<domain.User>

[2023-09-26 17:27:17 #15 type.registry] 
New type domain.Bet

[2023-09-26 17:27:17 #16 type.registry] 
New type java.util.Vector<domain.Bet>

[2023-09-26 17:27:17 #17 type.registry] 
New type domain.Movement

[2023-09-26 17:27:17 #18 type.registry] 
New type java.util.Vector<domain.Movement>

[2023-09-26 17:27:17 #19 type] 
Type domain.Message is not enhanced.

[2023-09-26 17:27:17 #20 type] 
Type domain.Statistics is not enhanced.

[2023-09-26 17:27:17 #21 type] 
Type domain.Bet is not enhanced.

[2023-09-26 17:27:17 #22 type.registry] 
New type domain.Quote

[2023-09-26 17:27:17 #23 type.registry] 
New type java.util.Vector<domain.Quote>

[2023-09-26 17:27:17 #24 type] 
Type domain.Movement is not enhanced.

[2023-09-26 17:27:17 #25 type] 
Type domain.Quote is not enhanced.

[2023-09-26 17:27:17 #26 type.registry] 
New type domain.Question

[2023-09-26 17:27:17 #27 type] 
Type domain.Question is not enhanced.

[2023-09-26 17:27:17 #28 type.registry] 
New type domain.Event

[2023-09-26 17:27:17 #29 type] 
Type domain.Event is not enhanced.

[2023-09-26 17:27:17 #30 type.registry] 
New type java.util.Vector<domain.Question>

[2023-09-26 17:27:38 #31 type.registry] 
New type java.util.Vector<java.lang.Object>

------------------------------------------------------------------------------------------------------------------------

[2023-09-26 17:28:04 #1 store] 
Database 'C:\Users\Xabi\Downloads\Bets21\src\main\resources\bets.temp' is opened by 9576@LAPTOP-DPN0HGMT

[2023-09-26 17:28:04 #2 type.registry] 
New type domain.UserAbstract

[2023-09-26 17:28:04 #3 type.registry] 
New type domain.UserAdmin

[2023-09-26 17:28:04 #4 type] 
Type domain.UserAbstract is not enhanced.

[2023-09-26 17:28:04 #5 type.registry] 
New type domain.Chat

[2023-09-26 17:28:04 #6 type.registry] 
New type java.util.Vector<domain.Chat>

[2023-09-26 17:28:04 #7 type] 
Type domain.UserAdmin is not enhanced.

[2023-09-26 17:28:04 #8 type] 
Type domain.Chat is not enhanced.

[2023-09-26 17:28:04 #9 type.registry] 
New type domain.User

[2023-09-26 17:28:04 #10 type.registry] 
New type domain.Message

[2023-09-26 17:28:04 #11 type.registry] 
New type java.util.Vector<domain.Message>

[2023-09-26 17:28:04 #12 type] 
Type domain.User is not enhanced.

[2023-09-26 17:28:04 #13 type.registry] 
New type domain.Statistics

[2023-09-26 17:28:04 #14 type.registry] 
New type java.util.Vector<domain.User>

[2023-09-26 17:28:04 #15 type.registry] 
New type domain.Bet

[2023-09-26 17:28:04 #16 type.registry] 
New type java.util.Vector<domain.Bet>

[2023-09-26 17:28:04 #17 type.registry] 
New type domain.Movement

[2023-09-26 17:28:04 #18 type.registry] 
New type java.util.Vector<domain.Movement>

[2023-09-26 17:28:04 #19 type] 
Type domain.Message is not enhanced.

[2023-09-26 17:28:04 #20 type] 
Type domain.Statistics is not enhanced.

[2023-09-26 17:28:04 #21 type] 
Type domain.Bet is not enhanced.

[2023-09-26 17:28:04 #22 type.registry] 
New type domain.Quote

[2023-09-26 17:28:04 #23 type.registry] 
New type java.util.Vector<domain.Quote>

[2023-09-26 17:28:04 #24 type] 
Type domain.Movement is not enhanced.

[2023-09-26 17:28:04 #25 type] 
Type domain.Quote is not enhanced.

[2023-09-26 17:28:04 #26 type.registry] 
New type domain.Question

[2023-09-26 17:28:04 #27 type] 
Type domain.Question is not enhanced.

[2023-09-26 17:28:04 #28 type.registry] 
New type domain.Event

[2023-09-26 17:28:04 #29 type] 
Type domain.Event is not enhanced.

[2023-09-26 17:28:04 #30 type.registry] 
New type java.util.Vector<domain.Question>

------------------------------------------------------------------------------------------------------------------------

[2023-09-26 17:34:08 #1 store] 
Database 'C:\Users\Xabi\Downloads\Bets21\src\main\resources\bets.temp' has been recovered (tr. 1-3)

[2023-09-26 17:34:09 #2 store] 
Database 'C:\Users\Xabi\Downloads\Bets21\src\main\resources\bets.temp' is opened by 16608@LAPTOP-DPN0HGMT

[2023-09-26 17:34:09 #3 type] 
Type domain.UserAbstract is not enhanced.

[2023-09-26 17:34:09 #4 type] 
Type domain.UserAdmin is not enhanced.

[2023-09-26 17:34:09 #5 type] 
Type domain.Chat is not enhanced.

[2023-09-26 17:34:09 #6 type] 
Type domain.User is not enhanced.

[2023-09-26 17:34:09 #7 type] 
Type domain.Message is not enhanced.

[2023-09-26 17:34:09 #8 type] 
Type domain.Statistics is not enhanced.

[2023-09-26 17:34:09 #9 type] 
Type domain.Bet is not enhanced.

[2023-09-26 17:34:09 #10 type] 
Type domain.Movement is not enhanced.

[2023-09-26 17:34:09 #11 type] 
Type domain.Quote is not enhanced.

[2023-09-26 17:34:18 #12 type.registry] 
New type java.util.Vector<java.lang.Object>

------------------------------------------------------------------------------------------------------------------------

[2023-09-26 17:34:29 #1 store] 
Database 'C:\Users\Xabi\Downloads\Bets21\src\main\resources\bets.temp' has been recovered (tr. 4-5)

[2023-09-26 17:34:29 #2 store] 
Database 'C:\Users\Xabi\Downloads\Bets21\src\main\resources\bets.temp' is opened by 2896@LAPTOP-DPN0HGMT

[2023-09-26 17:34:30 #3 type] 
Type domain.UserAbstract is not enhanced.

[2023-09-26 17:34:30 #4 type] 
Type domain.UserAdmin is not enhanced.

[2023-09-26 17:34:30 #5 type] 
Type domain.Chat is not enhanced.

[2023-09-26 17:34:30 #6 type] 
Type domain.User is not enhanced.

[2023-09-26 17:34:30 #7 type] 
Type domain.Message is not enhanced.

[2023-09-26 17:34:30 #8 type] 
Type domain.Statistics is not enhanced.

[2023-09-26 17:34:30 #9 type] 
Type domain.Bet is not enhanced.

[2023-09-26 17:34:30 #10 type] 
Type domain.Movement is not enhanced.

[2023-09-26 17:34:30 #11 type] 
Type domain.Quote is not enhanced.

------------------------------------------------------------------------------------------------------------------------

[2023-09-26 17:46:47 #1 store] 
Database 'C:\Users\Xabi\Downloads\Bets21\src\main\resources\bets.temp' is opened by 24584@LAPTOP-DPN0HGMT

[2023-09-26 17:46:47 #2 type] 
Type domain.UserAbstract is not enhanced.

[2023-09-26 17:46:47 #3 type] 
Type domain.UserAdmin is not enhanced.

[2023-09-26 17:46:47 #4 type] 
Type domain.Chat is not enhanced.

[2023-09-26 17:46:47 #5 type] 
Type domain.User is not enhanced.

[2023-09-26 17:46:47 #6 type] 
Type domain.Message is not enhanced.

[2023-09-26 17:46:47 #7 type] 
Type domain.Statistics is not enhanced.

[2023-09-26 17:46:47 #8 type] 
Type domain.Bet is not enhanced.

[2023-09-26 17:46:47 #9 type] 
Type domain.Movement is not enhanced.

[2023-09-26 17:46:47 #10 type] 
Type domain.Quote is not enhanced.

[2023-09-26 17:46:47 #11 type.registry] 
New type domain.Event

[2023-09-26 17:46:47 #12 type] 
Type domain.Event is not enhanced.

[2023-09-26 17:46:47 #13 type.registry] 
New type domain.Question

[2023-09-26 17:46:47 #14 type.registry] 
New type java.util.Vector<domain.Question>

[2023-09-26 17:46:47 #15 type] 
Type domain.Question is not enhanced.

[2023-09-26 17:46:47 #16 type.registry] 
New type domain.Event

[2023-09-26 17:46:47 #17 type.registry] 
New type domain.Question

[2023-09-26 17:46:47 #18 type.registry] 
New type java.util.Vector<domain.Question>

------------------------------------------------------------------------------------------------------------------------

[2023-09-26 17:57:06 #1 store] 
Database 'C:\Users\Xabi\Downloads\Bets21\src\main\resources\bets.temp' is opened by 23912@LAPTOP-DPN0HGMT

[2023-09-26 17:57:06 #2 type] 
Type domain.UserAbstract is not enhanced.

[2023-09-26 17:57:06 #3 type] 
Type domain.UserAdmin is not enhanced.

[2023-09-26 17:57:06 #4 type] 
Type domain.User is not enhanced.

[2023-09-26 17:57:06 #5 type] 
Type domain.Statistics is not enhanced.

[2023-09-26 17:57:06 #6 type] 
Type domain.Bet is not enhanced.

[2023-09-26 17:57:06 #7 type] 
Type domain.Movement is not enhanced.

[2023-09-26 17:57:06 #8 type] 
Type domain.Quote is not enhanced.

[2023-09-26 17:57:06 #9 type.registry] 
New type domain.Event

[2023-09-26 17:57:06 #10 type] 
Type domain.Event is not enhanced.

[2023-09-26 17:57:06 #11 type.registry] 
New type domain.Question

[2023-09-26 17:57:06 #12 type.registry] 
New type java.util.Vector<domain.Question>

[2023-09-26 17:57:06 #13 type] 
Type domain.Question is not enhanced.

[2023-09-26 17:57:06 #14 type.registry] 
New type domain.Event

[2023-09-26 17:57:06 #15 type.registry] 
New type domain.Question

[2023-09-26 17:57:06 #16 type.registry] 
New type java.util.Vector<domain.Question>

------------------------------------------------------------------------------------------------------------------------

[2023-09-26 17:59:05 #1 store] 
Database 'C:\Users\Xabi\Downloads\Bets21\src\main\resources\bets.temp' is opened by 1720@LAPTOP-DPN0HGMT

[2023-09-26 17:59:05 #2 type.registry] 
New type domain.UserAbstract

[2023-09-26 17:59:05 #3 type.registry] 
New type domain.UserAdmin

[2023-09-26 17:59:05 #4 type] 
Type domain.UserAbstract is not enhanced.

[2023-09-26 17:59:05 #5 type] 
Type domain.UserAdmin is not enhanced.

[2023-09-26 17:59:05 #6 type.registry] 
New type domain.User

[2023-09-26 17:59:05 #7 type] 
Type domain.User is not enhanced.

[2023-09-26 17:59:05 #8 type.registry] 
New type domain.Statistics

[2023-09-26 17:59:05 #9 type.registry] 
New type java.util.Vector<domain.User>

[2023-09-26 17:59:05 #10 type.registry] 
New type domain.Bet

[2023-09-26 17:59:05 #11 type.registry] 
New type java.util.Vector<domain.Bet>

[2023-09-26 17:59:05 #12 type.registry] 
New type domain.Movement

[2023-09-26 17:59:05 #13 type.registry] 
New type java.util.Vector<domain.Movement>

[2023-09-26 17:59:05 #14 type] 
Type domain.Statistics is not enhanced.

[2023-09-26 17:59:05 #15 type] 
Type domain.Bet is not enhanced.

[2023-09-26 17:59:05 #16 type.registry] 
New type domain.Quote

[2023-09-26 17:59:05 #17 type.registry] 
New type java.util.Vector<domain.Quote>

[2023-09-26 17:59:05 #18 type] 
Type domain.Movement is not enhanced.

[2023-09-26 17:59:05 #19 type] 
Type domain.Quote is not enhanced.

[2023-09-26 17:59:05 #20 type.registry] 
New type domain.Question

[2023-09-26 17:59:05 #21 type] 
Type domain.Question is not enhanced.

[2023-09-26 17:59:05 #22 type.registry] 
New type domain.Event

[2023-09-26 17:59:05 #23 type] 
Type domain.Event is not enhanced.

[2023-09-26 17:59:05 #24 type.registry] 
New type java.util.Vector<domain.Question>

[2023-09-26 17:59:05 #25 type.registry] 
New type java.util.Vector<java.lang.Object>

------------------------------------------------------------------------------------------------------------------------

[2023-09-26 17:59:35 #1 store] 
Database 'C:\Users\Xabi\Downloads\Bets21\src\main\resources\bets.temp' is opened by 20744@LAPTOP-DPN0HGMT

[2023-09-26 17:59:36 #2 type.registry] 
New type domain.UserAbstract

[2023-09-26 17:59:36 #3 type.registry] 
New type domain.UserAdmin

[2023-09-26 17:59:36 #4 type] 
Type domain.UserAbstract is not enhanced.

[2023-09-26 17:59:36 #5 type] 
Type domain.UserAdmin is not enhanced.

[2023-09-26 17:59:36 #6 type.registry] 
New type domain.User

[2023-09-26 17:59:36 #7 type] 
Type domain.User is not enhanced.

[2023-09-26 17:59:36 #8 type.registry] 
New type domain.Statistics

[2023-09-26 17:59:36 #9 type.registry] 
New type java.util.Vector<domain.User>

[2023-09-26 17:59:36 #10 type.registry] 
New type domain.Bet

[2023-09-26 17:59:36 #11 type.registry] 
New type java.util.Vector<domain.Bet>

[2023-09-26 17:59:36 #12 type.registry] 
New type domain.Movement

[2023-09-26 17:59:36 #13 type.registry] 
New type java.util.Vector<domain.Movement>

[2023-09-26 17:59:36 #14 type] 
Type domain.Statistics is not enhanced.

[2023-09-26 17:59:36 #15 type] 
Type domain.Bet is not enhanced.

[2023-09-26 17:59:36 #16 type.registry] 
New type domain.Quote

[2023-09-26 17:59:36 #17 type.registry] 
New type java.util.Vector<domain.Quote>

[2023-09-26 17:59:36 #18 type] 
Type domain.Movement is not enhanced.

[2023-09-26 17:59:36 #19 type] 
Type domain.Quote is not enhanced.

[2023-09-26 17:59:36 #20 type.registry] 
New type domain.Question

[2023-09-26 17:59:36 #21 type] 
Type domain.Question is not enhanced.

[2023-09-26 17:59:36 #22 type.registry] 
New type domain.Event

[2023-09-26 17:59:36 #23 type] 
Type domain.Event is not enhanced.

[2023-09-26 17:59:36 #24 type.registry] 
New type java.util.Vector<domain.Question>

[2023-09-26 17:59:36 #25 type.registry] 
New type java.util.Vector<java.lang.Object>

------------------------------------------------------------------------------------------------------------------------

[2023-09-26 18:00:28 #1 store] 
Database 'C:\Users\Xabi\Downloads\Bets21\src\main\resources\bets.temp' is opened by 16556@LAPTOP-DPN0HGMT

[2023-09-26 18:00:28 #2 type] 
Type domain.UserAbstract is not enhanced.

[2023-09-26 18:00:28 #3 type] 
Type domain.UserAdmin is not enhanced.

[2023-09-26 18:00:28 #4 type] 
Type domain.User is not enhanced.

[2023-09-26 18:00:28 #5 type] 
Type domain.Statistics is not enhanced.

[2023-09-26 18:00:28 #6 type] 
Type domain.Bet is not enhanced.

[2023-09-26 18:00:28 #7 type] 
Type domain.Movement is not enhanced.

[2023-09-26 18:00:29 #8 type] 
Type domain.Quote is not enhanced.

[2023-09-26 18:00:29 #9 type] 
Type domain.Question is not enhanced.

[2023-09-26 18:00:29 #10 type] 
Type domain.Event is not enhanced.

------------------------------------------------------------------------------------------------------------------------

[2023-09-26 18:00:51 #1 store] 
Database 'C:\Users\Xabi\Downloads\Bets21\src\main\resources\bets.temp' has been recovered (tr. 8-12)

[2023-09-26 18:00:51 #2 store] 
Database 'C:\Users\Xabi\Downloads\Bets21\src\main\resources\bets.temp' is opened by 20592@LAPTOP-DPN0HGMT

[2023-09-26 18:00:52 #3 type] 
Type domain.UserAbstract is not enhanced.

[2023-09-26 18:00:52 #4 type] 
Type domain.UserAdmin is not enhanced.

[2023-09-26 18:00:52 #5 type] 
Type domain.User is not enhanced.

[2023-09-26 18:00:52 #6 type] 
Type domain.Statistics is not enhanced.

[2023-09-26 18:00:52 #7 type] 
Type domain.Bet is not enhanced.

[2023-09-26 18:00:52 #8 type] 
Type domain.Movement is not enhanced.

[2023-09-26 18:00:52 #9 type] 
Type domain.Quote is not enhanced.

[2023-09-26 18:00:52 #10 type] 
Type domain.Question is not enhanced.

[2023-09-26 18:00:52 #11 type] 
Type domain.Event is not enhanced.

