------------------------------------------------------------------------------------------------------------------------

[2023-10-13 19:56:12 #1 store] 
Database 'C:\Users\Xabi\Desktop\XABI\workspace\Bets23\src\main\resources\bets.temp' has been recovered (tr. 13-22)

[2023-10-13 19:56:13 #2 store] 
Database 'C:\Users\Xabi\Desktop\XABI\workspace\Bets23\src\main\resources\bets.temp' is opened by 19012@LAPTOP-DPN0HGMT

[2023-10-13 19:56:13 #3 type] 
Type domain.UserAbstract is not enhanced.

[2023-10-13 19:56:13 #4 type] 
Type domain.UserAdmin is not enhanced.

[2023-10-13 19:56:13 #5 type] 
Type domain.User is not enhanced.

[2023-10-13 19:56:13 #6 type] 
Type domain.Statistics is not enhanced.

[2023-10-13 19:56:13 #7 type] 
Type domain.Bet is not enhanced.

[2023-10-13 19:56:13 #8 type] 
Type domain.Movement is not enhanced.

[2023-10-13 19:56:13 #9 type] 
Type domain.Quote is not enhanced.

[2023-10-13 19:56:13 #10 type] 
Type domain.Question is not enhanced.

[2023-10-13 19:56:13 #11 type] 
Type domain.Event is not enhanced.

------------------------------------------------------------------------------------------------------------------------

[2023-10-13 20:02:18 #1 store] 
Database 'C:\Users\Xabi\Desktop\XABI\workspace\Bets23\src\main\resources\bets.temp' has been recovered (tr. 23-24)

[2023-10-13 20:02:18 #2 store] 
Database 'C:\Users\Xabi\Desktop\XABI\workspace\Bets23\src\main\resources\bets.temp' is opened by 22616@LAPTOP-DPN0HGMT

[2023-10-13 20:02:18 #3 type] 
Type domain.UserAbstract is not enhanced.

[2023-10-13 20:02:18 #4 type] 
Type domain.UserAdmin is not enhanced.

[2023-10-13 20:02:18 #5 type] 
Type domain.User is not enhanced.

[2023-10-13 20:02:18 #6 type] 
Type domain.Statistics is not enhanced.

[2023-10-13 20:02:18 #7 type] 
Type domain.Bet is not enhanced.

[2023-10-13 20:02:18 #8 type] 
Type domain.Movement is not enhanced.

[2023-10-13 20:02:18 #9 type] 
Type domain.Quote is not enhanced.

[2023-10-13 20:02:18 #10 type] 
Type domain.Question is not enhanced.

[2023-10-13 20:02:18 #11 type] 
Type domain.Event is not enhanced.

------------------------------------------------------------------------------------------------------------------------

[2023-10-13 20:03:42 #1 store] 
Database 'C:\Users\Xabi\Desktop\XABI\workspace\Bets23\src\main\resources\bets.temp' is opened by 13488@LAPTOP-DPN0HGMT

[2023-10-13 20:03:42 #2 type] 
Type domain.UserAbstract is not enhanced.

[2023-10-13 20:03:42 #3 type] 
Type domain.UserAdmin is not enhanced.

[2023-10-13 20:03:42 #4 type] 
Type domain.User is not enhanced.

[2023-10-13 20:03:42 #5 type] 
Type domain.Statistics is not enhanced.

[2023-10-13 20:03:42 #6 type] 
Type domain.Bet is not enhanced.

[2023-10-13 20:03:42 #7 type] 
Type domain.Movement is not enhanced.

[2023-10-13 20:03:42 #8 type] 
Type domain.Quote is not enhanced.

[2023-10-13 20:03:42 #9 type] 
Type domain.Question is not enhanced.

[2023-10-13 20:03:42 #10 type] 
Type domain.Event is not enhanced.

------------------------------------------------------------------------------------------------------------------------

[2023-10-13 20:04:56 #1 store] 
Database 'C:\Users\Xabi\Desktop\XABI\workspace\Bets23\src\main\resources\bets.temp' is opened by 8460@LAPTOP-DPN0HGMT

[2023-10-13 20:04:56 #2 type] 
Type domain.UserAbstract is not enhanced.

[2023-10-13 20:04:56 #3 type] 
Type domain.UserAdmin is not enhanced.

[2023-10-13 20:04:56 #4 type] 
Type domain.User is not enhanced.

[2023-10-13 20:04:56 #5 type] 
Type domain.Statistics is not enhanced.

[2023-10-13 20:04:56 #6 type] 
Type domain.Bet is not enhanced.

[2023-10-13 20:04:56 #7 type] 
Type domain.Movement is not enhanced.

[2023-10-13 20:04:56 #8 type] 
Type domain.Quote is not enhanced.

[2023-10-13 20:04:56 #9 type] 
Type domain.Question is not enhanced.

[2023-10-13 20:04:56 #10 type] 
Type domain.Event is not enhanced.

