------------------------------------------------------------------------------------------------------------------------

[2023-02-22 11:30:53 #1 store] 
Database 'C:\Users\Kepa\e-workspace\proiektu.zip_expanded\Bets21\src\main\resources\bets.temp' is opened by 10148@DESKTOP-78A7V5Q

[2023-02-22 11:30:53 #2 type.registry] 
New type domain.Question

[2023-02-22 11:30:53 #3 type] 
Type domain.Question is not enhanced.

[2023-02-22 11:30:53 #4 type.registry] 
New type domain.Event

[2023-02-22 11:30:53 #5 type] 
Type domain.Event is not enhanced.

[2023-02-22 11:30:53 #6 type.registry] 
New type java.util.Vector<domain.Question>

[2023-02-22 11:30:53 #7 type.registry] 
New type java.util.Vector<java.lang.Object>

------------------------------------------------------------------------------------------------------------------------

[2023-02-22 11:32:19 #1 store] 
Database 'C:\Users\Kepa\e-workspace\proiektu.zip_expanded\Bets21\src\main\resources\bets.temp' is opened by 18764@DESKTOP-78A7V5Q

[2023-02-22 11:32:20 #2 type.registry] 
New type domain.Question

[2023-02-22 11:32:20 #3 type] 
Type domain.Question is not enhanced.

[2023-02-22 11:32:20 #4 type.registry] 
New type domain.Event

[2023-02-22 11:32:20 #5 type] 
Type domain.Event is not enhanced.

[2023-02-22 11:32:20 #6 type.registry] 
New type java.util.Vector<domain.Question>

[2023-02-22 11:32:20 #7 type.registry] 
New type java.util.Vector<java.lang.Object>

------------------------------------------------------------------------------------------------------------------------

[2023-02-22 11:32:32 #1 store] 
Database 'C:\Users\Kepa\e-workspace\proiektu.zip_expanded\Bets21\src\main\resources\bets.temp' is opened by 19708@DESKTOP-78A7V5Q

[2023-02-22 11:32:32 #2 type.registry] 
New type domain.Question

[2023-02-22 11:32:32 #3 type] 
Type domain.Question is not enhanced.

[2023-02-22 11:32:32 #4 type.registry] 
New type domain.Event

[2023-02-22 11:32:32 #5 type] 
Type domain.Event is not enhanced.

[2023-02-22 11:32:32 #6 type.registry] 
New type java.util.Vector<domain.Question>

[2023-02-22 11:32:32 #7 type.registry] 
New type java.util.Vector<java.lang.Object>

